[2013-02-27 20:08:20] START
[2013-03-02 15:08:42] EDIT know_your_world/models/db.py: 7
[2013-03-02 15:08:52] EDIT know_your_world/models/db.py: 0
[2013-03-02 15:09:16] EDIT know_your_world/models/db.py: -1
[2013-03-02 15:17:47] EDIT know_your_world/models/db.py: -11
[2013-03-02 15:23:34] EDIT know_your_world/controllers/default.py: -15
[2013-03-02 15:23:45] EDIT know_your_world/controllers/default.py: -1
[2013-03-02 15:27:06] EDIT know_your_world/views/default/index.html: 66
[2013-03-02 15:27:28] EDIT know_your_world/views/default/index.html: 0
[2013-03-02 15:36:13] EDIT know_your_world/views/default/index.html: -1
[2013-03-02 15:37:16] EDIT know_your_world/views/default/index.html: 0
[2013-03-02 15:38:19] EDIT know_your_world/views/default/index.html: 0
[2013-03-02 15:46:08] EDIT know_your_world/views/default/index.html: 0
[2013-03-02 15:49:11] EDIT know_your_world/views/default/index.html: 0
[2013-03-02 15:52:14] EDIT know_your_world/views/default/index.html: -65
[2013-03-02 15:52:37] CREATE default/map.html.py: 0
[2013-03-02 15:52:46] EDIT know_your_world/controllers/default/map.html.py: 64
[2013-03-02 15:53:09] EDIT know_your_world/views/default/index.html: 0
[2013-03-02 16:02:24] EDIT know_your_world/views/default/index.html: 1
[2013-03-02 16:03:07] EDIT know_your_world/controllers/default.py: 1
[2013-03-02 16:50:20] EDIT know_your_world/models/db.py: 1
[2013-03-02 16:50:40] EDIT know_your_world/models/db.py: 0
[2013-03-02 16:54:23] EDIT know_your_world/models/db.py: 3
[2013-03-02 16:55:11] EDIT know_your_world/controllers/default.py: -1
[2013-03-02 16:55:20] EDIT know_your_world/controllers/default.py: 0
[2013-03-02 16:56:25] EDIT know_your_world/views/default/index.html: -1
[2013-03-02 17:01:24] EDIT know_your_world/models/db.py: 1
[2013-03-02 17:01:40] EDIT know_your_world/models/db.py: 0
[2013-03-02 17:06:41] EDIT know_your_world/models/db.py: 0
[2013-03-04 02:08:03] EDIT know_your_world/models/db.py: -5
[2013-03-04 02:08:26] EDIT know_your_world/models/db.py: 5
[2013-03-04 02:12:22] EDIT know_your_world/models/db.py: 0
[2013-03-04 02:12:41] EDIT know_your_world/models/db.py: 0
[2013-03-04 14:09:19] EDIT know_your_world/models/db.py: -1
[2013-03-04 14:10:01] EDIT know_your_world/models/db.py: 0
[2013-03-04 14:27:11] EDIT know_your_world/models/db.py: 0
[2013-03-04 14:33:22] EDIT know_your_world/models/db.py: 1
[2013-03-04 14:33:47] EDIT know_your_world/models/db.py: 0
[2013-03-04 14:33:49] EDIT know_your_world/models/db.py: 0
[2013-03-04 14:33:50] EDIT know_your_world/models/db.py: 0
[2013-03-04 14:33:50] EDIT know_your_world/models/db.py: 0
[2013-03-04 14:33:50] EDIT know_your_world/models/db.py: 0
[2013-03-04 14:33:51] EDIT know_your_world/models/db.py: 0
[2013-03-04 14:41:43] EDIT know_your_world/models/db.py: -1
[2013-03-04 15:40:29] EDIT know_your_world/models/db.py: 0
[2013-03-04 15:40:50] EDIT know_your_world/models/db.py: 0
[2013-03-04 15:41:02] EDIT know_your_world/models/db.py: 0
[2013-03-04 16:03:17] EDIT know_your_world/controllers/default.py: 0
[2013-03-04 16:08:49] EDIT know_your_world/controllers/appadmin.py: 2
[2013-03-04 16:10:42] EDIT know_your_world/views/appadmin.html: 1
[2013-03-04 16:12:42] EDIT know_your_world/views/appadmin.html: 2
[2013-03-04 16:12:57] EDIT know_your_world/views/appadmin.html: 0
[2013-03-04 16:13:08] EDIT know_your_world/views/appadmin.html: 0
[2013-03-04 16:13:48] EDIT know_your_world/controllers/appadmin.py: 0
[2013-03-04 16:22:56] EDIT know_your_world/controllers/appadmin.py: 41
[2013-03-04 16:22:59] EDIT know_your_world/controllers/appadmin.py: 0
[2013-03-04 16:23:40] EDIT know_your_world/controllers/appadmin.py: 0
[2013-03-04 16:31:09] EDIT know_your_world/controllers/appadmin.py: -5
[2013-03-04 17:56:55] EDIT know_your_world/controllers/appadmin.py: 0
[2013-03-04 18:09:09] EDIT know_your_world/controllers/appadmin.py: -35
[2013-03-04 18:15:37] CREATE autofill.py: 0
[2013-03-04 18:16:09] EDIT know_your_world/controllers/autofill.py: 1
[2013-03-04 18:16:47] CREATE autofill.html: 0
[2013-03-04 18:17:04] EDIT know_your_world/views/autofill.html: 0
[2013-03-04 18:17:31] DELETE know_your_world/views/autofill.html: -3
[2013-03-04 18:17:37] DELETE know_your_world/controllers/autofill.py: -2
[2013-03-04 18:17:59] CREATE autofill.py: 0
[2013-03-04 18:18:21] EDIT know_your_world/controllers/autofill.py: 1
[2013-03-04 18:18:50] CREATE autofill/index.html: 0
[2013-03-04 18:18:54] EDIT know_your_world/views/autofill/index.html: 0
[2013-03-04 18:24:23] EDIT know_your_world/views/autofill/index.html: -1
[2013-03-04 18:24:51] EDIT know_your_world/views/autofill/index.html: 1
[2013-03-04 18:25:02] EDIT know_your_world/views/autofill/index.html: 0
[2013-03-04 18:26:04] EDIT know_your_world/controllers/autofill.py: 34
[2013-03-04 18:26:11] EDIT know_your_world/views/autofill/index.html: 0
[2013-03-04 18:27:11] EDIT know_your_world/controllers/autofill.py: -1
[2013-03-04 18:27:24] EDIT know_your_world/controllers/autofill.py: 0
[2013-03-04 18:28:08] EDIT know_your_world/controllers/autofill.py: 3
[2013-03-04 18:35:49] EDIT know_your_world/views/autofill/index.html: 0
[2013-03-04 18:37:06] CREATE default/map.html: 0
[2013-03-04 18:37:16] EDIT know_your_world/views/default/map.html: 62
[2013-03-04 18:37:17] EDIT know_your_world/views/default/map.html: 0
[2013-03-04 18:37:18] EDIT know_your_world/views/default/map.html: 0
[2013-03-04 18:39:13] EDIT know_your_world/controllers/default.py: 2
[2013-03-04 18:39:51] DELETE know_your_world/controllers/default/map.html.py: -65
[2013-03-04 18:40:05] EDIT know_your_world/views/default/map.html: -1
[2013-03-04 19:04:22] EDIT know_your_world/controllers/default.py: 3
[2013-03-04 19:04:43] EDIT know_your_world/controllers/default.py: -1
[2013-03-04 19:05:07] EDIT know_your_world/views/default/map.html: 1
[2013-03-04 19:05:30] EDIT know_your_world/controllers/default.py: 0
[2013-03-04 19:05:47] EDIT know_your_world/controllers/default.py: -1
[2013-03-04 19:05:52] EDIT know_your_world/controllers/default.py: 0
[2013-03-04 19:06:21] EDIT know_your_world/controllers/default.py: 0
[2013-03-04 19:06:37] EDIT know_your_world/controllers/default.py: 0
[2013-03-04 19:07:59] EDIT know_your_world/views/default/map.html: 0
[2013-03-04 19:08:12] EDIT know_your_world/views/default/map.html: 0
[2013-03-04 19:08:29] EDIT know_your_world/views/default/map.html: 0
[2013-03-04 19:09:06] EDIT know_your_world/controllers/default.py: 0
[2013-03-04 19:09:15] EDIT know_your_world/views/default/map.html: 0
[2013-03-04 19:09:26] EDIT know_your_world/controllers/default.py: 0
[2013-03-04 19:09:56] EDIT know_your_world/views/default/map.html: 0
[2013-03-04 19:10:18] EDIT know_your_world/controllers/default.py: 0
[2013-03-04 19:12:54] EDIT know_your_world/views/default/map.html: 0
[2013-03-04 19:12:59] EDIT know_your_world/views/default/map.html: 0
[2013-03-04 19:13:05] EDIT know_your_world/views/default/map.html: 0
[2013-03-04 19:13:37] EDIT know_your_world/views/default/map.html: 0
[2013-03-04 19:14:04] EDIT know_your_world/views/default/map.html: 0
[2013-03-04 19:16:32] EDIT know_your_world/controllers/default.py: 0
[2013-03-04 19:16:52] EDIT know_your_world/controllers/default.py: 0
[2013-03-04 19:17:53] EDIT know_your_world/views/default/map.html: 0
[2013-03-04 22:56:25] EDIT know_your_world/views/default/map.html: 0
[2013-03-04 22:57:55] EDIT know_your_world/views/default/map.html: 1
[2013-03-04 22:59:11] EDIT know_your_world/views/default/map.html: 1
[2013-03-04 22:59:16] EDIT know_your_world/views/default/map.html: 0
[2013-03-04 22:59:32] EDIT know_your_world/views/default/map.html: 0
[2013-03-04 22:59:57] EDIT know_your_world/views/default/map.html: 0
[2013-03-04 23:06:47] EDIT know_your_world/views/default/map.html: 0
[2013-03-04 23:07:02] EDIT know_your_world/views/default/map.html: 0
[2013-03-04 23:14:33] EDIT know_your_world/controllers/default.py: 6
[2013-03-04 23:17:56] EDIT know_your_world/views/default/map.html: 7
[2013-03-04 23:18:17] EDIT know_your_world/views/default/map.html: -1
[2013-03-04 23:23:36] EDIT know_your_world/controllers/default.py: -4
[2013-03-04 23:24:02] EDIT know_your_world/views/default/map.html: -4
[2013-03-04 23:28:39] EDIT know_your_world/controllers/default.py: 1
[2013-03-04 23:28:41] EDIT know_your_world/controllers/default.py: 0
[2013-03-04 23:30:44] EDIT know_your_world/views/default/map.html: 1
[2013-03-04 23:31:04] EDIT know_your_world/views/default/map.html: 0
[2013-03-04 23:33:07] EDIT know_your_world/controllers/default.py: 0
[2013-03-04 23:33:20] EDIT know_your_world/views/default/map.html: 0
[2013-03-04 23:33:38] EDIT know_your_world/controllers/default.py: 0
[2013-03-04 23:34:13] EDIT know_your_world/views/default/map.html: 0
[2013-03-04 23:34:25] EDIT know_your_world/views/default/map.html: 0
[2013-03-04 23:34:56] EDIT know_your_world/views/default/map.html: 0
[2013-03-04 23:35:23] EDIT know_your_world/views/default/map.html: 0
[2013-03-04 23:36:09] EDIT know_your_world/views/default/map.html: 0
[2013-03-04 23:36:23] EDIT know_your_world/views/default/map.html: 0
[2013-03-04 23:36:46] EDIT know_your_world/views/default/map.html: 0
[2013-03-04 23:42:00] EDIT know_your_world/views/default/map.html: 2
[2013-03-04 23:42:01] EDIT know_your_world/views/default/map.html: 0
[2013-03-04 23:44:41] EDIT know_your_world/views/default/map.html: 1
[2013-03-04 23:54:47] EDIT know_your_world/views/default/map.html: 0
[2013-03-04 23:54:57] EDIT know_your_world/views/default/map.html: 0
[2013-03-04 23:55:00] EDIT know_your_world/views/default/map.html: 0
[2013-03-04 23:55:24] EDIT know_your_world/views/default/map.html: -2
[2013-03-04 23:55:34] EDIT know_your_world/views/default/map.html: 0
[2013-03-04 23:55:46] EDIT know_your_world/views/default/map.html: 0
[2013-03-04 23:55:55] EDIT know_your_world/controllers/default.py: 0
[2013-03-05 00:12:18] EDIT know_your_world/controllers/default.py: 1
[2013-03-05 00:16:38] EDIT know_your_world/controllers/default.py: 1
[2013-03-05 00:19:23] EDIT know_your_world/views/default/map.html: 2
[2013-03-05 00:19:40] EDIT know_your_world/controllers/default.py: -2
[2013-03-05 00:19:58] EDIT know_your_world/controllers/default.py: 0
[2013-03-05 00:20:44] EDIT know_your_world/views/default/map.html: 0
[2013-03-05 00:21:41] EDIT know_your_world/views/default/map.html: 3
[2013-03-05 00:24:40] EDIT know_your_world/views/default/map.html: 0
[2013-03-05 00:27:39] EDIT know_your_world/controllers/default.py: 2
[2013-03-05 00:27:45] EDIT know_your_world/controllers/default.py: 0
[2013-03-05 00:28:10] EDIT know_your_world/controllers/default.py: 0
[2013-03-05 00:28:29] EDIT know_your_world/controllers/default.py: 0
[2013-03-05 00:28:44] EDIT know_your_world/views/default/map.html: 0
[2013-03-05 00:28:47] EDIT know_your_world/views/default/map.html: 0
[2013-03-05 00:29:10] EDIT know_your_world/views/default/map.html: 0
[2013-03-05 00:30:41] EDIT know_your_world/views/default/map.html: -1
[2013-03-05 00:31:27] EDIT know_your_world/views/default/map.html: -5
[2013-03-05 00:31:53] EDIT know_your_world/views/default/map.html: 0
[2013-03-05 00:32:25] EDIT know_your_world/views/default/map.html: 2
[2013-03-05 00:37:04] EDIT know_your_world/views/default/map.html: 0
[2013-03-05 00:37:36] EDIT know_your_world/views/default/map.html: 0
[2013-03-05 00:38:04] EDIT know_your_world/views/default/map.html: 0
[2013-03-05 00:38:36] EDIT know_your_world/controllers/default.py: 1
[2013-03-05 00:39:17] EDIT know_your_world/controllers/default.py: 0
[2013-03-05 00:39:37] EDIT know_your_world/views/default/map.html: 0
[2013-03-05 00:50:07] EDIT know_your_world/controllers/default.py: 0
[2013-03-05 00:53:41] EDIT know_your_world/views/default/map.html: 0
[2013-03-05 00:56:40] EDIT know_your_world/views/default/map.html: 1
[2013-03-05 00:57:24] EDIT know_your_world/controllers/default.py: 0
[2013-03-05 00:57:41] EDIT know_your_world/controllers/default.py: 0
[2013-03-05 01:13:08] EDIT know_your_world/views/default/map.html: 0
[2013-03-05 01:13:16] EDIT know_your_world/views/default/map.html: 0
[2013-03-05 01:13:25] EDIT know_your_world/views/default/map.html: -4
[2013-03-05 01:14:48] EDIT know_your_world/views/default/map.html: 0
[2013-03-05 01:15:27] EDIT know_your_world/views/default/map.html: 0
[2013-03-05 01:50:20] EDIT know_your_world/controllers/autofill.py: 0
[2013-03-05 13:51:35] EDIT know_your_world/views/default/map.html: 0
[2013-03-05 13:55:55] EDIT know_your_world/controllers/default.py: 1
[2013-03-05 13:56:09] EDIT know_your_world/views/default/map.html: 0
[2013-03-05 13:56:59] EDIT know_your_world/controllers/default.py: 0
[2013-03-05 13:57:13] EDIT know_your_world/controllers/default.py: 1
[2013-03-05 13:58:01] EDIT know_your_world/controllers/default.py: -2
[2013-03-05 13:58:19] EDIT know_your_world/views/default/map.html: 0
[2013-03-05 14:06:12] EDIT know_your_world/controllers/default.py: 2
[2013-03-05 14:06:31] EDIT know_your_world/views/default/map.html: 0
[2013-03-05 14:06:45] EDIT know_your_world/views/default/map.html: 0
[2013-03-05 14:08:15] EDIT know_your_world/controllers/default.py: -2
[2013-03-05 14:08:24] EDIT know_your_world/views/default/map.html: 0
[2013-03-05 15:51:59] EDIT know_your_world/views/default/map.html: 0
[2013-03-05 15:53:02] EDIT know_your_world/views/default/map.html: 0
[2013-03-05 15:57:31] EDIT know_your_world/views/default/map.html: 0
[2013-03-05 15:59:49] EDIT know_your_world/controllers/default.py: 0
[2013-03-05 16:02:36] EDIT know_your_world/controllers/default.py: 0
[2013-03-05 16:04:50] EDIT know_your_world/controllers/default.py: 0
[2013-03-05 16:37:35] EDIT know_your_world/views/default/map.html: 5
[2013-03-05 16:39:02] EDIT know_your_world/views/default/map.html: 2
[2013-03-05 16:39:29] EDIT know_your_world/views/default/map.html: 0
[2013-03-05 16:40:34] EDIT know_your_world/views/default/map.html: 6
[2013-03-05 16:40:40] EDIT know_your_world/views/default/map.html: -1
[2013-03-05 16:41:45] EDIT know_your_world/views/default/map.html: 0
[2013-03-05 22:33:08] EDIT know_your_world/controllers/default.py: 1
[2013-03-05 22:33:18] EDIT know_your_world/views/default/map.html: 0
[2013-03-05 22:33:24] EDIT know_your_world/controllers/default.py: 0
[2013-03-05 22:36:34] EDIT know_your_world/controllers/autofill.py: 0
[2013-03-05 22:37:33] EDIT know_your_world/controllers/default.py: 0
[2013-03-05 22:43:25] EDIT know_your_world/controllers/default.py: 0
[2013-03-05 22:43:45] EDIT know_your_world/controllers/default.py: 0
[2013-03-05 22:44:15] EDIT know_your_world/controllers/default.py: 0
[2013-03-05 22:44:51] EDIT know_your_world/controllers/default.py: 0
[2013-03-05 22:46:22] EDIT know_your_world/controllers/default.py: 0
[2013-03-05 22:49:46] EDIT know_your_world/controllers/default.py: 0
[2013-03-05 22:51:13] EDIT know_your_world/controllers/default.py: -1
[2013-03-05 22:51:31] EDIT know_your_world/views/default/map.html: 0
[2013-03-05 22:52:29] EDIT know_your_world/controllers/autofill.py: 0
[2013-03-05 22:54:02] EDIT know_your_world/views/default/map.html: 0
